{"level":"SEVERE","message":"console-api 1:2504 \"No se ha podido obtener el ECID del servicio alloy.getIdentity\"","source":"console-api","timestamp":1761322482782}
{"level":"SEVERE","message":"https://ats-wrapper.privacymanager.io/ats-modules/a95fc332-885d-40c0-aa11-3c7c55aa0d7d/ats.js 0:76625 \"There has been a problem with your fetch operation: \" TypeError: Failed to fetch\n    at $ (https://ats-wrapper.privacymanager.io/ats-modules/a95fc332-885d-40c0-aa11-3c7c55aa0d7d/ats.js:1:76546)\n    at Object.getGeoLocation (https://ats-wrapper.privacymanager.io/ats-modules/a95fc332-885d-40c0-aa11-3c7c55aa0d7d/ats.js:1:88097)\n    at Le (https://ats-wrapper.privacymanager.io/ats-modules/a95fc332-885d-40c0-aa11-3c7c55aa0d7d/ats.js:1:87579)\n    at Tt (https://ats-wrapper.privacymanager.io/ats-modules/a95fc332-885d-40c0-aa11-3c7c55aa0d7d/ats.js:1:103202)\n    at It (https://ats-wrapper.privacymanager.io/ats-modules/a95fc332-885d-40c0-aa11-3c7c55aa0d7d/ats.js:1:102428)\n    at Module.Rt (https://ats-wrapper.privacymanager.io/ats-modules/a95fc332-885d-40c0-aa11-3c7c55aa0d7d/ats.js:1:104519)\n    at https://ats-wrapper.privacymanager.io/ats-modules/a95fc332-885d-40c0-aa11-3c7c55aa0d7d/ats.js:1:105760","source":"console-api","timestamp":1761322485515}
{"level":"SEVERE","message":"https://elpais.com/opinion/2025-10-24/inoportuno-apagon-nuclear.html - Not signed in with the identity provider.","source":"other","timestamp":1761322491163}
{"level":"SEVERE","message":"https://elpais.com/branded-content-in/?_website=el-pais&outputType=clean - Failed to load resource: the server responded with a status of 404 ()","source":"network","timestamp":1761322492555}
{"level":"SEVERE","message":"https://elpais.com/branded-content-gl/?_website=el-pais&outputType=clean - Failed to load resource: the server responded with a status of 404 ()","source":"network","timestamp":1761322492839}
{"level":"SEVERE","message":"https://accounts.google.com/gsi/client 74:88 \"[GSI_LOGGER]: FedCM get() rejects with NetworkError: Error retrieving a token.\"","source":"console-api","timestamp":1761322493352}
{"level":"WARNING","message":"https://elpais.com/opinion/ - The resource https://imagenes.elpais.com/resizer/v2/5PNQ5XK5IFE5ZB66KXE5KUZ6GU.jpg?auth=2acf019ef332f3c06eb887bd8e4006a0288ce3b0bc16bef529c36f28ce37f611&width=1200&height=900&focal=460%2C365 was preloaded using link preload but not used within a few seconds from the window's load event. Please make sure it has an appropriate `as` value and it is preloaded intentionally.","source":"javascript","timestamp":1761322495908}
{"level":"SEVERE","message":"https://elpais.com/branded-content-in/?_website=el-pais&outputType=clean - Failed to load resource: the server responded with a status of 404 ()","source":"network","timestamp":1761322497725}
{"level":"SEVERE","message":"https://elpais.com/opinion/2025-10-24/la-absolucion-de-alvaro-uribe.html - Not signed in with the identity provider.","source":"other","timestamp":1761322497730}
{"level":"SEVERE","message":"https://elpais.com/branded-content-gl/?_website=el-pais&outputType=clean - Failed to load resource: the server responded with a status of 404 ()","source":"network","timestamp":1761322497730}
{"level":"SEVERE","message":"https://pxl.connexity.net/c/cse?a=R&A=22c&D=569a&V=9&I0k=ptnrid&I0v=a8faf8c7-cc9e-4029-89ca-f02e38029165-tuctff52b7d - Failed to load resource: net::ERR_NAME_NOT_RESOLVED","source":"network","timestamp":1761322498601}
{"level":"SEVERE","message":"https://accounts.google.com/gsi/client 74:88 \"[GSI_LOGGER]: FedCM get() rejects with NetworkError: Error retrieving a token.\"","source":"console-api","timestamp":1761322498893}
{"level":"WARNING","message":"https://elpais.com/opinion/ - The resource https://imagenes.elpais.com/resizer/v2/5PNQ5XK5IFE5ZB66KXE5KUZ6GU.jpg?auth=2acf019ef332f3c06eb887bd8e4006a0288ce3b0bc16bef529c36f28ce37f611&width=1200&height=900&focal=460%2C365 was preloaded using link preload but not used within a few seconds from the window's load event. Please make sure it has an appropriate `as` value and it is preloaded intentionally.","source":"javascript","timestamp":1761322499460}
{"level":"SEVERE","message":"https://elpais.com/branded-content-in/?_website=el-pais&outputType=clean - Failed to load resource: the server responded with a status of 404 ()","source":"network","timestamp":1761322503146}
{"level":"SEVERE","message":"https://elpais.com/opinion/2025-10-24/autonomos-quien-paga-la-red.html - Not signed in with the identity provider.","source":"other","timestamp":1761322503170}
{"level":"SEVERE","message":"https://elpais.com/branded-content-gl/?_website=el-pais&outputType=clean - Failed to load resource: the server responded with a status of 404 ()","source":"network","timestamp":1761322503170}
{"level":"SEVERE","message":"https://accounts.google.com/gsi/client 74:88 \"[GSI_LOGGER]: FedCM get() rejects with NotAllowedError: Only one navigator.credentials.get request may be outstanding at one time.\"","source":"console-api","timestamp":1761322503950}
{"level":"SEVERE","message":"https://elpais.com/opinion/2025-10-24/autonomos-quien-paga-la-red.html - Only one navigator.credentials.get request may be outstanding at one time.","source":"other","timestamp":1761322503950}
{"level":"WARNING","message":"https://elpais.com/opinion/ - The resource https://imagenes.elpais.com/resizer/v2/5PNQ5XK5IFE5ZB66KXE5KUZ6GU.jpg?auth=2acf019ef332f3c06eb887bd8e4006a0288ce3b0bc16bef529c36f28ce37f611&width=1200&height=900&focal=460%2C365 was preloaded using link preload but not used within a few seconds from the window's load event. Please make sure it has an appropriate `as` value and it is preloaded intentionally.","source":"javascript","timestamp":1761322504763}
{"level":"SEVERE","message":"https://elpais.com/branded-content-in/?_website=el-pais&outputType=clean - Failed to load resource: the server responded with a status of 404 ()","source":"network","timestamp":1761322508561}
{"level":"SEVERE","message":"https://elpais.com/branded-content-gl/?_website=el-pais&outputType=clean - Failed to load resource: the server responded with a status of 404 ()","source":"network","timestamp":1761322508573}
{"level":"SEVERE","message":"https://elpais.com/opinion/2025-10-24/el-papel-politico-de-la-madre.html - Not signed in with the identity provider.","source":"other","timestamp":1761322508647}
{"level":"SEVERE","message":"https://elpais.com/opinion/2025-10-24/el-papel-politico-de-la-madre.html - Only one navigator.credentials.get request may be outstanding at one time.","source":"other","timestamp":1761322509063}
{"level":"SEVERE","message":"https://accounts.google.com/gsi/client 74:88 \"[GSI_LOGGER]: FedCM get() rejects with NotAllowedError: Only one navigator.credentials.get request may be outstanding at one time.\"","source":"console-api","timestamp":1761322509063}
{"level":"WARNING","message":"https://elpais.com/opinion/ - The resource https://imagenes.elpais.com/resizer/v2/5PNQ5XK5IFE5ZB66KXE5KUZ6GU.jpg?auth=2acf019ef332f3c06eb887bd8e4006a0288ce3b0bc16bef529c36f28ce37f611&width=1200&height=900&focal=460%2C365 was preloaded using link preload but not used within a few seconds from the window's load event. Please make sure it has an appropriate `as` value and it is preloaded intentionally.","source":"javascript","timestamp":1761322510340}
{"level":"SEVERE","message":"https://accounts.google.com/gsi/client 74:88 \"[GSI_LOGGER]: FedCM get() rejects with NetworkError: Error retrieving a token.\"","source":"console-api","timestamp":1761322510943}
{"level":"WARNING","message":"https://elpais.com/opinion/ - The resource https://imagenes.elpais.com/resizer/v2/5PNQ5XK5IFE5ZB66KXE5KUZ6GU.jpg?auth=2acf019ef332f3c06eb887bd8e4006a0288ce3b0bc16bef529c36f28ce37f611&width=1200&height=900&focal=460%2C365 was preloaded using link preload but not used within a few seconds from the window's load event. Please make sure it has an appropriate `as` value and it is preloaded intentionally.","source":"javascript","timestamp":1761322515449}